{"@t":"2026-02-10T16:21:04.9613329Z","@mt":"Seq {SeqVersion} running on OS {OSCaption}","SeqVersion":"2023.1.9229","OSCaption":"Linux 6.6.87.2-microsoft-standard-WSL2 #1 SMP PREEMPT_DYNAMIC Thu Jun  5 18:30:46 UTC 2025","SourceContext":"Seq.Server.Features.Diagnostics.EnvironmentInformationWriter"}
{"@t":"2026-02-10T16:21:05.0322201Z","@mt":"Seq detected {TotalRAM} MB of RAM","TotalRAM":33482.252288,"SourceContext":"Seq.Server.Features.Diagnostics.EnvironmentInformationWriter"}
{"@t":"2026-02-10T16:21:05.3857382Z","@mt":"Opening event store at {StreamPath}","StreamPath":"/data/Stream/stream.flare","SourceContext":"Seq.Engine.Cluster.StorageNodeCoordinator"}
{"@t":"2026-02-10T16:21:05.6086184Z","@mt":"Ingestion enabled","SourceContext":"Seq.Engine.Cluster.StorageNodeCoordinator"}
{"@t":"2026-02-10T16:21:05.6221439Z","@mt":"Opening metastore {MetastorePath}","MetastorePath":"/data/Documents/metastore.flare","SourceContext":"Quince.Storage.Native.NativeDocumentStore"}
{"@t":"2026-02-10T16:21:05.7350610Z","@mt":"Storage subsystem available"}
{"@t":"2026-02-10T16:21:05.8443896Z","@mt":"Seq listening on {ListenUris}","ListenUris":["http://localhost/","https://localhost/","http://localhost:5341/","https://localhost:45341/"]}
{"@t":"2026-02-10T16:22:01.4887159Z","@mt":"{CollectionCount} more generation 2 garbage collection(s) occurred","CollectionCount":0,"SourceContext":"Seq.Server.Features.Diagnostics.GCLogger"}
{"@t":"2026-02-10T16:22:51.9329986Z","@mt":"Termination signal received"}
{"@t":"2026-02-10T16:22:51.9507938Z","@mt":"Signalling for {Workers} worker task(s) to complete","Workers":1,"SourceContext":"Seq.Engine.Workers.WorkerPool"}
{"@t":"2026-02-10T16:22:52.9346229Z","@mt":"Work {WorkDescription} ({WorkId}) observed cancellation and completed","WorkDescription":"Monitor alerts and trigger notifications","WorkId":"4fd107d5-c730-41e1-9b9a-9aea44c561be","SourceContext":"Seq.Engine.Workers.WorkerPool"}
{"@t":"2026-02-10T16:24:12.2284715Z","@mt":"Seq {SeqVersion} running on OS {OSCaption}","SeqVersion":"2023.1.9229","OSCaption":"Linux 6.6.87.2-microsoft-standard-WSL2 #1 SMP PREEMPT_DYNAMIC Thu Jun  5 18:30:46 UTC 2025","SourceContext":"Seq.Server.Features.Diagnostics.EnvironmentInformationWriter"}
{"@t":"2026-02-10T16:24:12.2776017Z","@mt":"Seq detected {TotalRAM} MB of RAM","TotalRAM":33482.252288,"SourceContext":"Seq.Server.Features.Diagnostics.EnvironmentInformationWriter"}
{"@t":"2026-02-10T16:24:12.6484176Z","@mt":"Opening event store at {StreamPath}","StreamPath":"/data/Stream/stream.flare","SourceContext":"Seq.Engine.Cluster.StorageNodeCoordinator"}
{"@t":"2026-02-10T16:24:13.0115435Z","@mt":"Ingestion enabled","SourceContext":"Seq.Engine.Cluster.StorageNodeCoordinator"}
{"@t":"2026-02-10T16:24:13.0304945Z","@mt":"Opening metastore {MetastorePath}","MetastorePath":"/data/Documents/metastore.flare","SourceContext":"Quince.Storage.Native.NativeDocumentStore"}
{"@t":"2026-02-10T16:24:13.1313556Z","@mt":"Storage subsystem available"}
{"@t":"2026-02-10T16:24:13.1953390Z","@mt":"Seq listening on {ListenUris}","ListenUris":["http://localhost/","https://localhost/","http://localhost:5341/","https://localhost:45341/"]}
{"@t":"2026-02-10T16:25:08.8535573Z","@mt":"{CollectionCount} more generation 2 garbage collection(s) occurred","CollectionCount":0,"SourceContext":"Seq.Server.Features.Diagnostics.GCLogger"}
{"@t":"2026-02-10T16:26:16.3413591Z","@mt":"Termination signal received"}
{"@t":"2026-02-10T16:26:16.3550971Z","@mt":"Signalling for {Workers} worker task(s) to complete","Workers":1,"SourceContext":"Seq.Engine.Workers.WorkerPool"}
{"@t":"2026-02-10T16:26:17.2059847Z","@mt":"Work {WorkDescription} ({WorkId}) observed cancellation and completed","WorkDescription":"Monitor alerts and trigger notifications","WorkId":"2dc6ac35-c777-4b06-91f4-c618aec5ba52","SourceContext":"Seq.Engine.Workers.WorkerPool"}
{"@t":"2026-02-10T16:26:17.3069429Z","@mt":"Stopping {Tasks} scheduled tasks","Tasks":13,"SourceContext":"Seq.Server.Tasks.TaskRunner"}
{"@t":"2026-02-10T16:26:17.3124000Z","@mt":"Stopping input channel","SourceContext":"Seq.Server.Features.Apps.Inputs.InputChannel"}
{"@t":"2026-02-10T16:26:17.3423779Z","@mt":"Shutting down input channel; {AcceptedCount} queued events will be written","AcceptedCount":0,"SourceContext":"Seq.Server.Features.Apps.Inputs.InputChannel"}
{"@t":"2026-02-10T16:26:17.3453925Z","@mt":"Stopping broadcast channel","SourceContext":"Seq.Engine.Broadcast.BroadcastChannel"}
{"@t":"2026-02-10T16:27:23.6061550Z","@mt":"Seq {SeqVersion} running on OS {OSCaption}","SeqVersion":"2023.1.9229","OSCaption":"Linux 6.6.87.2-microsoft-standard-WSL2 #1 SMP PREEMPT_DYNAMIC Thu Jun  5 18:30:46 UTC 2025","SourceContext":"Seq.Server.Features.Diagnostics.EnvironmentInformationWriter"}
{"@t":"2026-02-10T16:27:23.6629342Z","@mt":"Seq detected {TotalRAM} MB of RAM","TotalRAM":33482.252288,"SourceContext":"Seq.Server.Features.Diagnostics.EnvironmentInformationWriter"}
{"@t":"2026-02-10T16:27:24.0254459Z","@mt":"Opening event store at {StreamPath}","StreamPath":"/data/Stream/stream.flare","SourceContext":"Seq.Engine.Cluster.StorageNodeCoordinator"}
{"@t":"2026-02-10T16:27:24.3273686Z","@mt":"Ingestion enabled","SourceContext":"Seq.Engine.Cluster.StorageNodeCoordinator"}
{"@t":"2026-02-10T16:27:24.3415064Z","@mt":"Opening metastore {MetastorePath}","MetastorePath":"/data/Documents/metastore.flare","SourceContext":"Quince.Storage.Native.NativeDocumentStore"}
{"@t":"2026-02-10T16:27:24.4609081Z","@mt":"Storage subsystem available"}
{"@t":"2026-02-10T16:27:24.5265199Z","@mt":"Seq listening on {ListenUris}","ListenUris":["http://localhost/","https://localhost/","http://localhost:5341/","https://localhost:45341/"]}
{"@t":"2026-02-10T16:28:20.3121188Z","@mt":"{CollectionCount} more generation 2 garbage collection(s) occurred","CollectionCount":0,"SourceContext":"Seq.Server.Features.Diagnostics.GCLogger"}
{"@t":"2026-02-10T16:29:07.5741388Z","@mt":"Termination signal received"}
{"@t":"2026-02-10T16:29:07.5977686Z","@mt":"Signalling for {Workers} worker task(s) to complete","Workers":1,"SourceContext":"Seq.Engine.Workers.WorkerPool"}
{"@t":"2026-02-10T16:29:07.7335278Z","@mt":"Work {WorkDescription} ({WorkId}) observed cancellation and completed","WorkDescription":"Monitor alerts and trigger notifications","WorkId":"8e35e0bd-d72c-4f15-bc1f-6d8342c7031a","SourceContext":"Seq.Engine.Workers.WorkerPool"}
{"@t":"2026-02-10T16:29:07.8093906Z","@mt":"Stopping {Tasks} scheduled tasks","Tasks":13,"SourceContext":"Seq.Server.Tasks.TaskRunner"}
{"@t":"2026-02-10T16:29:07.8169914Z","@mt":"Stopping input channel","SourceContext":"Seq.Server.Features.Apps.Inputs.InputChannel"}
{"@t":"2026-02-10T16:29:08.4699046Z","@mt":"Shutting down input channel; {AcceptedCount} queued events will be written","AcceptedCount":0,"SourceContext":"Seq.Server.Features.Apps.Inputs.InputChannel"}
{"@t":"2026-02-10T16:29:08.4728993Z","@mt":"Stopping broadcast channel","SourceContext":"Seq.Engine.Broadcast.BroadcastChannel"}
{"@t":"2026-02-10T16:29:15.9759260Z","@mt":"Seq {SeqVersion} running on OS {OSCaption}","SeqVersion":"2023.1.9229","OSCaption":"Linux 6.6.87.2-microsoft-standard-WSL2 #1 SMP PREEMPT_DYNAMIC Thu Jun  5 18:30:46 UTC 2025","SourceContext":"Seq.Server.Features.Diagnostics.EnvironmentInformationWriter"}
{"@t":"2026-02-10T16:29:16.0348349Z","@mt":"Seq detected {TotalRAM} MB of RAM","TotalRAM":33482.252288,"SourceContext":"Seq.Server.Features.Diagnostics.EnvironmentInformationWriter"}
{"@t":"2026-02-10T16:29:16.3802193Z","@mt":"Opening event store at {StreamPath}","StreamPath":"/data/Stream/stream.flare","SourceContext":"Seq.Engine.Cluster.StorageNodeCoordinator"}
{"@t":"2026-02-10T16:29:16.6967631Z","@mt":"Ingestion enabled","SourceContext":"Seq.Engine.Cluster.StorageNodeCoordinator"}
{"@t":"2026-02-10T16:29:16.7123038Z","@mt":"Opening metastore {MetastorePath}","MetastorePath":"/data/Documents/metastore.flare","SourceContext":"Quince.Storage.Native.NativeDocumentStore"}
{"@t":"2026-02-10T16:29:16.8746113Z","@mt":"Storage subsystem available"}
{"@t":"2026-02-10T16:29:16.9488868Z","@mt":"Seq listening on {ListenUris}","ListenUris":["http://localhost/","https://localhost/","http://localhost:5341/","https://localhost:45341/"]}
{"@t":"2026-02-10T16:30:12.5992389Z","@mt":"{CollectionCount} more generation 2 garbage collection(s) occurred","CollectionCount":0,"SourceContext":"Seq.Server.Features.Diagnostics.GCLogger"}
{"@t":"2026-02-10T16:31:17.9846502Z","@mt":"Termination signal received"}
{"@t":"2026-02-10T16:31:18.0047755Z","@mt":"Signalling for {Workers} worker task(s) to complete","Workers":1,"SourceContext":"Seq.Engine.Workers.WorkerPool"}
{"@t":"2026-02-10T16:31:18.3302844Z","@mt":"Work {WorkDescription} ({WorkId}) observed cancellation and completed","WorkDescription":"Monitor alerts and trigger notifications","WorkId":"b7554d48-5330-405a-9615-77ca1f9645d0","SourceContext":"Seq.Engine.Workers.WorkerPool"}
{"@t":"2026-02-10T16:31:18.4283968Z","@mt":"Stopping {Tasks} scheduled tasks","Tasks":13,"SourceContext":"Seq.Server.Tasks.TaskRunner"}
{"@t":"2026-02-10T16:31:18.4333960Z","@mt":"Stopping input channel","SourceContext":"Seq.Server.Features.Apps.Inputs.InputChannel"}
{"@t":"2026-02-10T16:31:18.9806207Z","@mt":"Shutting down input channel; {AcceptedCount} queued events will be written","AcceptedCount":0,"SourceContext":"Seq.Server.Features.Apps.Inputs.InputChannel"}
{"@t":"2026-02-10T16:31:18.9828908Z","@mt":"Stopping broadcast channel","SourceContext":"Seq.Engine.Broadcast.BroadcastChannel"}
{"@t":"2026-02-10T16:33:40.6338578Z","@mt":"Seq {SeqVersion} running on OS {OSCaption}","SeqVersion":"2023.1.9229","OSCaption":"Linux 6.6.87.2-microsoft-standard-WSL2 #1 SMP PREEMPT_DYNAMIC Thu Jun  5 18:30:46 UTC 2025","SourceContext":"Seq.Server.Features.Diagnostics.EnvironmentInformationWriter"}
{"@t":"2026-02-10T16:33:40.6898206Z","@mt":"Seq detected {TotalRAM} MB of RAM","TotalRAM":33482.252288,"SourceContext":"Seq.Server.Features.Diagnostics.EnvironmentInformationWriter"}
{"@t":"2026-02-10T16:33:41.0503527Z","@mt":"Opening event store at {StreamPath}","StreamPath":"/data/Stream/stream.flare","SourceContext":"Seq.Engine.Cluster.StorageNodeCoordinator"}
{"@t":"2026-02-10T16:33:41.2536156Z","@mt":"Ingestion enabled","SourceContext":"Seq.Engine.Cluster.StorageNodeCoordinator"}
{"@t":"2026-02-10T16:33:41.2659997Z","@mt":"Opening metastore {MetastorePath}","MetastorePath":"/data/Documents/metastore.flare","SourceContext":"Quince.Storage.Native.NativeDocumentStore"}
{"@t":"2026-02-10T16:33:41.3605902Z","@mt":"Storage subsystem available"}
{"@t":"2026-02-10T16:33:41.4207886Z","@mt":"Seq listening on {ListenUris}","ListenUris":["http://localhost/","https://localhost/","http://localhost:5341/","https://localhost:45341/"]}
{"@t":"2026-02-10T16:34:36.7254171Z","@mt":"{CollectionCount} more generation 2 garbage collection(s) occurred","CollectionCount":0,"SourceContext":"Seq.Server.Features.Diagnostics.GCLogger"}
{"@t":"2026-02-10T16:38:18.2053151Z","@mt":"Metrics sampled","SystemMemoryUtilization":0.040484181181736356,"ProcessWorkingSetBytes":145489920,"ProcessCpuPercentage":0,"GCTotalHeapSizeBytes":0,"GCTotalFragmentedBytes":0,"GCPauseTimePercentage":0,"ProcessThreads":41,"ArrivedEventsPerMinute":0,"IngestedEventsPerMinute":0,"IngestedBytesPerMinute":0,"InvalidPayloadsPerMinute":0,"UnauthorizedPayloadsPerMinute":0,"TotalWriteTimeLastMinute":0,"BroadcastQueueCount":0,"BroadcastSubscriptionQueuesAggregateCount":0}
{"@t":"2026-02-10T16:42:54.9550495Z","@mt":"Metrics sampled","SystemMemoryUtilization":0.04056626693798604,"ProcessWorkingSetBytes":148602880,"ProcessCpuPercentage":0.12666627243900475,"GCTotalHeapSizeBytes":0,"GCTotalFragmentedBytes":0,"GCPauseTimePercentage":0,"ProcessThreads":42,"ArrivedEventsPerMinute":0,"IngestedEventsPerMinute":0,"IngestedBytesPerMinute":0,"InvalidPayloadsPerMinute":0,"UnauthorizedPayloadsPerMinute":0,"TotalWriteTimeLastMinute":0,"BroadcastQueueCount":0,"BroadcastSubscriptionQueuesAggregateCount":0}
{"@t":"2026-02-10T16:42:54.9621396Z","@mt":"Applying {Count} retention policies","Count":0,"SourceContext":"Seq.Server.Features.Retention.RetentionPolicyApplier"}
{"@t":"2026-02-10T16:42:54.9658836Z","@mt":"Retention processing and compaction took {Elapsed} ms; allocating {Allocation} ms for indexing","Elapsed":5.9117,"Allocation":599994.0883}
{"@t":"2026-02-10T16:42:54.9675830Z","@mt":"Beginning indexing","SourceContext":"Seq.Server.Features.Indexing.EventStoreIndexer"}
{"@t":"2026-02-10T16:42:55.1684820Z","@mt":"Wrote {IndexSetCount} index sets in {Elapsed:0.000} ms","@r":["199.000"],"IndexSetCount":0,"Elapsed":199,"SourceContext":"Seq.Server.Features.Indexing.EventStoreIndexer"}
{"@t":"2026-02-10T16:42:55.1698862Z","@mt":"Indexing took {Elapsed} ms; total iteration time was {Iteration} ms","Elapsed":202,"Iteration":208.7794}
{"@t":"2026-02-10T16:47:31.2404000Z","@mt":"Metrics sampled","SystemMemoryUtilization":0.040797232523379745,"ProcessWorkingSetBytes":153026560,"ProcessCpuPercentage":0.1266680533440693,"GCTotalHeapSizeBytes":0,"GCTotalFragmentedBytes":0,"GCPauseTimePercentage":0,"ProcessThreads":40,"ArrivedEventsPerMinute":0,"IngestedEventsPerMinute":0,"IngestedBytesPerMinute":0,"InvalidPayloadsPerMinute":0,"UnauthorizedPayloadsPerMinute":0,"TotalWriteTimeLastMinute":0,"BroadcastQueueCount":0,"BroadcastSubscriptionQueuesAggregateCount":0}
{"@t":"2026-02-10T16:52:07.4676240Z","@mt":"Metrics sampled","SystemMemoryUtilization":0.040896811965387414,"ProcessWorkingSetBytes":154173440,"ProcessCpuPercentage":0.0766656985322256,"GCTotalHeapSizeBytes":0,"GCTotalFragmentedBytes":0,"GCPauseTimePercentage":0,"ProcessThreads":40,"ArrivedEventsPerMinute":0,"IngestedEventsPerMinute":0,"IngestedBytesPerMinute":0,"InvalidPayloadsPerMinute":0,"UnauthorizedPayloadsPerMinute":0,"TotalWriteTimeLastMinute":0,"BroadcastQueueCount":0,"BroadcastSubscriptionQueuesAggregateCount":0}
{"@t":"2026-02-10T16:52:07.4723866Z","@mt":"Applying {Count} retention policies","Count":0,"SourceContext":"Seq.Server.Features.Retention.RetentionPolicyApplier"}
{"@t":"2026-02-10T16:52:07.4742029Z","@mt":"Retention processing and compaction took {Elapsed} ms; allocating {Allocation} ms for indexing","Elapsed":1.9095,"Allocation":599998.0905}
{"@t":"2026-02-10T16:52:07.4756126Z","@mt":"Beginning indexing","SourceContext":"Seq.Server.Features.Indexing.EventStoreIndexer"}
{"@t":"2026-02-10T16:52:07.4932626Z","@mt":"Wrote {IndexSetCount} index sets in {Elapsed:0.000} ms","@r":["15.000"],"IndexSetCount":0,"Elapsed":15,"SourceContext":"Seq.Server.Features.Indexing.EventStoreIndexer"}
{"@t":"2026-02-10T16:52:07.4945563Z","@mt":"Indexing took {Elapsed} ms; total iteration time was {Iteration} ms","Elapsed":18,"Iteration":20.8544}
{"@t":"2026-02-10T16:56:43.5700121Z","@mt":"Metrics sampled","SystemMemoryUtilization":0.04106722248469552,"ProcessWorkingSetBytes":157777920,"ProcessCpuPercentage":0.0999990867083411,"GCTotalHeapSizeBytes":0,"GCTotalFragmentedBytes":0,"GCPauseTimePercentage":0,"ProcessThreads":39,"ArrivedEventsPerMinute":0,"IngestedEventsPerMinute":0,"IngestedBytesPerMinute":0,"InvalidPayloadsPerMinute":0,"UnauthorizedPayloadsPerMinute":0,"TotalWriteTimeLastMinute":0,"BroadcastQueueCount":0,"BroadcastSubscriptionQueuesAggregateCount":0}
{"@t":"2026-02-10T19:34:50.6634473Z","@mt":"Applying {Count} retention policies","Count":0,"SourceContext":"Seq.Server.Features.Retention.RetentionPolicyApplier"}
{"@t":"2026-02-10T19:34:50.6627183Z","@mt":"Metrics sampled","SystemMemoryUtilization":0.041629956432159165,"ProcessWorkingSetBytes":169058304,"ProcessCpuPercentage":0.10666726983452184,"GCTotalHeapSizeBytes":0,"GCTotalFragmentedBytes":0,"GCPauseTimePercentage":0,"ProcessThreads":41,"ArrivedEventsPerMinute":0,"IngestedEventsPerMinute":0,"IngestedBytesPerMinute":0,"InvalidPayloadsPerMinute":0,"UnauthorizedPayloadsPerMinute":0,"TotalWriteTimeLastMinute":0,"BroadcastQueueCount":0,"BroadcastSubscriptionQueuesAggregateCount":0}
{"@t":"2026-02-10T19:34:50.6641156Z","@mt":"Retention processing and compaction took {Elapsed} ms; allocating {Allocation} ms for indexing","Elapsed":0.706,"Allocation":599999.294}
{"@t":"2026-02-10T19:34:50.6648253Z","@mt":"Beginning indexing","SourceContext":"Seq.Server.Features.Indexing.EventStoreIndexer"}
{"@t":"2026-02-10T19:34:50.6686128Z","@mt":"Wrote {IndexSetCount} index sets in {Elapsed:0.000} ms","@r":["3.000"],"IndexSetCount":0,"Elapsed":3,"SourceContext":"Seq.Server.Features.Indexing.EventStoreIndexer"}
{"@t":"2026-02-10T19:34:50.6690373Z","@mt":"Indexing took {Elapsed} ms; total iteration time was {Iteration} ms","Elapsed":4,"Iteration":4.9172}
{"@t":"2026-02-10T19:39:51.2257274Z","@mt":"Metrics sampled","SystemMemoryUtilization":0.04075771881359047,"ProcessWorkingSetBytes":170205184,"ProcessCpuPercentage":0.07332670217967512,"GCTotalHeapSizeBytes":0,"GCTotalFragmentedBytes":0,"GCPauseTimePercentage":0,"ProcessThreads":40,"ArrivedEventsPerMinute":0,"IngestedEventsPerMinute":0,"IngestedBytesPerMinute":0,"InvalidPayloadsPerMinute":0,"UnauthorizedPayloadsPerMinute":0,"TotalWriteTimeLastMinute":0,"BroadcastQueueCount":0,"BroadcastSubscriptionQueuesAggregateCount":0}
{"@t":"2026-02-10T19:44:53.5178138Z","@mt":"Applying {Count} retention policies","Count":0,"SourceContext":"Seq.Server.Features.Retention.RetentionPolicyApplier"}
{"@t":"2026-02-10T19:44:53.5186841Z","@mt":"Retention processing and compaction took {Elapsed} ms; allocating {Allocation} ms for indexing","Elapsed":0.9254,"Allocation":599999.0746}
{"@t":"2026-02-10T19:44:53.5191564Z","@mt":"Beginning indexing","SourceContext":"Seq.Server.Features.Indexing.EventStoreIndexer"}
{"@t":"2026-02-10T19:44:53.5243606Z","@mt":"Wrote {IndexSetCount} index sets in {Elapsed:0.000} ms","@r":["4.000"],"IndexSetCount":0,"Elapsed":4,"SourceContext":"Seq.Server.Features.Indexing.EventStoreIndexer"}
{"@t":"2026-02-10T19:44:53.5249486Z","@mt":"Indexing took {Elapsed} ms; total iteration time was {Iteration} ms","Elapsed":5,"Iteration":6.7168}
{"@t":"2026-02-10T19:44:53.5371940Z","@mt":"Metrics sampled","SystemMemoryUtilization":0.0409491706891949,"ProcessWorkingSetBytes":170532864,"ProcessCpuPercentage":0.08000184625594062,"GCTotalHeapSizeBytes":0,"GCTotalFragmentedBytes":0,"GCPauseTimePercentage":0,"ProcessThreads":40,"ArrivedEventsPerMinute":0,"IngestedEventsPerMinute":0,"IngestedBytesPerMinute":0,"InvalidPayloadsPerMinute":0,"UnauthorizedPayloadsPerMinute":0,"TotalWriteTimeLastMinute":0,"BroadcastQueueCount":0,"BroadcastSubscriptionQueuesAggregateCount":0}
{"@t":"2026-02-10T19:50:00.9977861Z","@mt":"Metrics sampled","SystemMemoryUtilization":0.04059366963455813,"ProcessWorkingSetBytes":174301184,"ProcessCpuPercentage":0.08666609579709365,"GCTotalHeapSizeBytes":0,"GCTotalFragmentedBytes":0,"GCPauseTimePercentage":0,"ProcessThreads":41,"ArrivedEventsPerMinute":0,"IngestedEventsPerMinute":0,"IngestedBytesPerMinute":0,"InvalidPayloadsPerMinute":0,"UnauthorizedPayloadsPerMinute":0,"TotalWriteTimeLastMinute":0,"BroadcastQueueCount":0,"BroadcastSubscriptionQueuesAggregateCount":0}
{"@t":"2026-02-10T19:55:12.5258671Z","@mt":"Applying {Count} retention policies","Count":0,"SourceContext":"Seq.Server.Features.Retention.RetentionPolicyApplier"}
{"@t":"2026-02-10T19:55:12.5270091Z","@mt":"Retention processing and compaction took {Elapsed} ms; allocating {Allocation} ms for indexing","Elapsed":1.9333,"Allocation":599998.0667}
{"@t":"2026-02-10T19:55:12.5279191Z","@mt":"Beginning indexing","SourceContext":"Seq.Server.Features.Indexing.EventStoreIndexer"}
{"@t":"2026-02-10T19:55:12.5387011Z","@mt":"Wrote {IndexSetCount} index sets in {Elapsed:0.000} ms","@r":["9.000"],"IndexSetCount":0,"Elapsed":9,"SourceContext":"Seq.Server.Features.Indexing.EventStoreIndexer"}
{"@t":"2026-02-10T19:55:12.5396026Z","@mt":"Indexing took {Elapsed} ms; total iteration time was {Iteration} ms","Elapsed":11,"Iteration":13.613}
{"@t":"2026-02-10T19:55:12.5487375Z","@mt":"Metrics sampled","SystemMemoryUtilization":0.04065728303731486,"ProcessWorkingSetBytes":175120384,"ProcessCpuPercentage":0.09333252851331932,"GCTotalHeapSizeBytes":0,"GCTotalFragmentedBytes":0,"GCPauseTimePercentage":0,"ProcessThreads":40,"ArrivedEventsPerMinute":0,"IngestedEventsPerMinute":0,"IngestedBytesPerMinute":0,"InvalidPayloadsPerMinute":0,"UnauthorizedPayloadsPerMinute":0,"TotalWriteTimeLastMinute":0,"BroadcastQueueCount":0,"BroadcastSubscriptionQueuesAggregateCount":0}
{"@t":"2026-02-10T20:00:25.0903577Z","@mt":"Metrics sampled","SystemMemoryUtilization":0.04082891689129131,"ProcessWorkingSetBytes":175939584,"ProcessCpuPercentage":0.07333299819279508,"GCTotalHeapSizeBytes":0,"GCTotalFragmentedBytes":0,"GCPauseTimePercentage":0,"ProcessThreads":41,"ArrivedEventsPerMinute":0,"IngestedEventsPerMinute":0,"IngestedBytesPerMinute":0,"InvalidPayloadsPerMinute":0,"UnauthorizedPayloadsPerMinute":0,"TotalWriteTimeLastMinute":0,"BroadcastQueueCount":0,"BroadcastSubscriptionQueuesAggregateCount":0}
{"@t":"2026-02-10T20:05:38.1424526Z","@mt":"Applying {Count} retention policies","Count":0,"SourceContext":"Seq.Server.Features.Retention.RetentionPolicyApplier"}
{"@t":"2026-02-10T20:05:38.1435854Z","@mt":"Retention processing and compaction took {Elapsed} ms; allocating {Allocation} ms for indexing","Elapsed":1.2654,"Allocation":599998.7346}
{"@t":"2026-02-10T20:05:38.1444232Z","@mt":"Beginning indexing","SourceContext":"Seq.Server.Features.Indexing.EventStoreIndexer"}
{"@t":"2026-02-10T20:05:38.1122944Z","@mt":"Native storage metrics sampled","ABI_INTERNAL_ERROR":0,"ABI_IO_ERROR":0,"ABI_PANIC":0,"CHANNEL_RECEIVE":0,"CHANNEL_SEND":0,"CHANNEL_SEND_BACKPRESSURE":0,"DELETE_ABANDON":0,"DELETE_BEGIN":0,"DELETE_COMPLETE":0,"DELETE_CORRUPTED_EVENT":0,"DELETE_CORRUPTED_REGION":0,"DELETE_EXCLUDE_EVENT":0,"DELETE_SKIP_SPAN":0,"DOC_COLL_CHECKPOINT":0,"DOC_COLL_CREATE":0,"DOC_COLL_KVS_REMOVE":0,"DOC_COLL_READ_BEGIN":1,"DOC_COLL_READ_COMPLETE":1,"DOC_COLL_REMOVE":0,"DOC_COLL_WRITE_ABORT":0,"DOC_COLL_WRITE_BEGIN":0,"DOC_COLL_WRITE_COMMIT":0,"DOC_COLL_WRITE_RECORD_DELETE":0,"DOC_COLL_WRITE_RECORD_SET":0,"INDEX_SET_CREATE":0,"INDEX_SET_LOAD":19,"INDEX_SET_MISSING_INDEX_LOOKUP":0,"INDEX_SET_REMOVE":0,"INDEXER_ABORT":0,"INDEXER_BEGIN_NEW":0,"INDEXER_BEGIN_OUTDATED":0,"INDEXER_COALESCED_GEN0":0,"INDEXER_COALESCED_GEN1":0,"INDEXER_COMMIT":0,"INDEXER_CORRUPTED_REGION":0,"INDEXER_INVALID_DEFINITIONS_LAST_UPDATE":0,"INGEST_BUF_CACHE_EVENT_FROM_DISK":0,"INGEST_BUF_CACHE_EVENT_INCOMING":0,"INGEST_BUF_CREATE":0,"INGEST_BUF_READ":1,"INGEST_BUF_READ_TRUNCATED":0,"INGEST_BUF_REMOVE":0,"INGEST_BUF_WRITE_EVENT":0,"KERNEL_MVCC_NEXT_DATA_GENERATION":0,"KERNEL_MVCC_NEXT_WRITE_GENERATION":0,"KERNEL_MVCC_WORK_LAST_ADVANCE":0,"KERNEL_MVCC_WORK_LAST_DEFER":0,"KEYVALUES_READ_TRUNCATED":0,"LEAD_TRANSACTION_DIRTY_COMPLETE":0,"MAINTENANCE_TRANSACTION_BEGIN":5,"MAINTENANCE_TRANSACTION_COMPLETE":5,"MAINTENANCE_TRANSACTION_DIRTY_COMPLETE":0,"MEMORY_CONTROLLER_ENTER_SAFE_MODE":0,"MEMORY_CONTROLLER_EXTEND_SAFE_MODE":0,"MEMORY_CONTROLLER_LEAVE_SAFE_MODE":0,"MEMORY_CONTROLLER_RELEASE_TRACKED_MEMORY":0,"MEMORY_MONITOR_LAST_DANGER_TRACKED_BYTES":0,"MEMORY_MONITOR_STATUS_CRITICAL":0,"MEMORY_MONITOR_STATUS_DANGER":0,"MEMORY_MONITOR_STATUS_NORMAL":0,"MEMORY_MONITOR_TERMINATE_PANIC":0,"MEMORY_PLATFORM_LAST_UTILIZATION":0,"MEMORY_PLATFORM_LIMIT_BYTES":0,"MEMORY_PLATFORM_SAMPLE_FAILED":4,"MEMORY_PLATFORM_TOTAL_BYTES":0,"NAMESPACE_CLOSE":0,"NAMESPACE_CREATE":4,"NAMESPACE_OBJECT_FIND_BY_NAME":44,"NAMESPACE_OBJECT_GET_BY_ID":48,"NAMESPACE_OBJECT_GET_CAPABILITY":15,"NAMESPACE_OBJECT_QUERY_CAPABILITY":9,"NAMESPACE_OBJECT_REGISTER":48,"NAMESPACE_OBJECT_UNREGISTER":0,"NET_INCOMING_COMPLETED":0,"NET_INCOMING_ESTABLISHED":0,"NET_INCOMING_FAILED":0,"NET_INCOMING_INVALID_KEY":0,"NET_INCOMING_NOT_ESTABLISHED":0,"NET_INCOMING_SOCKET_ACCEPTED":0,"NODE_MESSAGE_BYTES_RECEIVED":0,"NODE_MESSAGE_BYTES_SENT":0,"NODE_MESSAGE_RECEIVED":0,"NODE_MESSAGE_SENT":0,"QUERY_EXECUTE_BEGIN":7,"QUERY_EXECUTE_END_CANCEL":0,"QUERY_EXECUTE_END_DONE":7,"QUERY_EXECUTE_END_PARTIAL":0,"QUERY_EXECUTE_RESUME_ERROR":0,"QUERY_SCHEDULE_DELETE_RECORDS":0,"QUERY_SCHEDULE_EXECUTE_PROCEDURE":5,"QUERY_SCHEDULE_READ_PARTITION_COMPUTE":0,"QUERY_SCHEDULE_READ_PARTITION_FROM_CACHE":0,"QUERY_SCHEDULE_READ_PARTITION_POPULATE_CACHE":0,"QUERY_SCHEDULE_READ_RECORDS":3,"QUERY_SCHEDULE_READ_RECORDS_FALLBACK":0,"QUERY_SCHEDULE_READ_RECORDS_PARALLEL":0,"QUERY_SCHEDULE_READ_RECORDS_SERIAL":3,"QUERY_SCHEDULE_SCALAR":0,"READ_TRANSACTION_BEGIN":10,"READ_TRANSACTION_BEGIN_FORK":0,"READ_TRANSACTION_COMPLETE":10,"READ_TRANSACTION_DIRTY_COMPLETE":0,"REGION_INCLUDED_INGEST_BUF":1,"REGION_INCLUDED_STABLE_SPAN":19,"REGION_READ":20,"REPLICATION_FULL_SYNC":0,"STABLE_SPAN_CREATE":0,"STABLE_SPAN_LAST_SEEK_PROBES":0,"STABLE_SPAN_READ":0,"STABLE_SPAN_READ_NO_INDEX_SET":0,"STABLE_SPAN_READ_SKIP":0,"STABLE_SPAN_REMOVE":0,"STABLE_SPAN_SEEK":0,"STABLE_SPAN_SPARSE_READ":0,"STORE_CLOSE":0,"STORE_CREATE":0,"STORE_OPEN":2,"SYNC_LOCK_ACQUISITION":0,"SYNC_LOCK_TOTAL_WAIT_TIME_NS":0,"SYNC_LOCK_WORST_CASE_WAIT_TIME_NS":0,"TIME_SLICE_CACHE_ADD_BUCKET":0,"TIME_SLICE_CACHE_ADD_QUERY":0,"TIME_SLICE_CACHE_EVICT_BUCKET":0,"TIME_SLICE_CACHE_EVICT_QUERY":0,"TIME_SLICE_CACHE_FILL_BUCKET":0,"TIME_SLICE_CACHE_GC":0,"TIME_SLICE_CACHE_INVALIDATE_BUCKET":0,"TRUNCATE_COMPLETE":0,"WORKER_ENQUEUE_PARTITION":0,"WORKER_EXECUTE_PARTITION":0,"WORKER_SAMPLE_ABANDONED":0,"WORKER_SAMPLE_CANCELED":0,"WORKER_THREAD_AFFINITIZE":0,"WORKER_THREAD_CANCEL":0,"WORKER_THREAD_DEPRIORITIZE":0,"WORKER_THREAD_DONE":0,"WORKER_THREAD_ERROR":0,"WORKER_THREAD_PANIC":0,"WORKER_THREAD_SPAWN":0,"WRITE_LOCK_ACQUISITION":0,"WRITE_LOCK_TOTAL_WAIT_TIME_NS":0,"WRITE_LOCK_WORST_CASE_WAIT_TIME_NS":0,"WRITE_TRANSACTION_BEGIN":1,"WRITE_TRANSACTION_COMPLETE":1,"WRITE_TRANSACTION_DIRTY_COMPLETE":0,"WRITER_ABORT":0,"WRITER_BEGIN":0,"WRITER_COMMIT":0,"WRITER_COMMIT_MULTIPLE_BUFS":0}
{"@t":"2026-02-10T20:05:38.1501234Z","@mt":"Wrote {IndexSetCount} index sets in {Elapsed:0.000} ms","@r":["4.000"],"IndexSetCount":0,"Elapsed":4,"SourceContext":"Seq.Server.Features.Indexing.EventStoreIndexer"}
{"@t":"2026-02-10T20:05:38.1511377Z","@mt":"Indexing took {Elapsed} ms; total iteration time was {Iteration} ms","Elapsed":6,"Iteration":7.9789}
{"@t":"2026-02-10T20:05:38.1669283Z","@mt":"Metrics sampled","SystemMemoryUtilization":0.040855830253996084,"ProcessWorkingSetBytes":177414144,"ProcessCpuPercentage":0.08666673195560474,"GCTotalHeapSizeBytes":0,"GCTotalFragmentedBytes":0,"GCPauseTimePercentage":0,"ProcessThreads":40,"ArrivedEventsPerMinute":0,"IngestedEventsPerMinute":0,"IngestedBytesPerMinute":0,"InvalidPayloadsPerMinute":0,"UnauthorizedPayloadsPerMinute":0,"TotalWriteTimeLastMinute":0,"BroadcastQueueCount":0,"BroadcastSubscriptionQueuesAggregateCount":0}
{"@t":"2026-02-10T20:10:51.6912151Z","@mt":"Metrics sampled","SystemMemoryUtilization":0.04091039098020666,"ProcessWorkingSetBytes":178397184,"ProcessCpuPercentage":0.07666711996509945,"GCTotalHeapSizeBytes":0,"GCTotalFragmentedBytes":0,"GCPauseTimePercentage":0,"ProcessThreads":40,"ArrivedEventsPerMinute":0,"IngestedEventsPerMinute":0,"IngestedBytesPerMinute":0,"InvalidPayloadsPerMinute":0,"UnauthorizedPayloadsPerMinute":0,"TotalWriteTimeLastMinute":0,"BroadcastQueueCount":0,"BroadcastSubscriptionQueuesAggregateCount":0}
{"@t":"2026-02-10T20:16:05.6242930Z","@mt":"Applying {Count} retention policies","Count":0,"SourceContext":"Seq.Server.Features.Retention.RetentionPolicyApplier"}
{"@t":"2026-02-10T20:16:05.6256579Z","@mt":"Retention processing and compaction took {Elapsed} ms; allocating {Allocation} ms for indexing","Elapsed":1.4214,"Allocation":599998.5786}
{"@t":"2026-02-10T20:16:05.6265564Z","@mt":"Beginning indexing","SourceContext":"Seq.Server.Features.Indexing.EventStoreIndexer"}
{"@t":"2026-02-10T20:16:05.6365069Z","@mt":"Wrote {IndexSetCount} index sets in {Elapsed:0.000} ms","@r":["8.000"],"IndexSetCount":0,"Elapsed":8,"SourceContext":"Seq.Server.Features.Indexing.EventStoreIndexer"}
{"@t":"2026-02-10T20:16:05.6375091Z","@mt":"Indexing took {Elapsed} ms; total iteration time was {Iteration} ms","Elapsed":10,"Iteration":12.3718}
{"@t":"2026-02-10T20:16:05.6418462Z","@mt":"Metrics sampled","SystemMemoryUtilization":0.040990397067519946,"ProcessWorkingSetBytes":179544064,"ProcessCpuPercentage":0.0900000844533813,"GCTotalHeapSizeBytes":0,"GCTotalFragmentedBytes":0,"GCPauseTimePercentage":0,"ProcessThreads":40,"ArrivedEventsPerMinute":0,"IngestedEventsPerMinute":0,"IngestedBytesPerMinute":0,"InvalidPayloadsPerMinute":0,"UnauthorizedPayloadsPerMinute":0,"TotalWriteTimeLastMinute":0,"BroadcastQueueCount":0,"BroadcastSubscriptionQueuesAggregateCount":0}
{"@t":"2026-02-10T20:21:19.9369439Z","@mt":"Metrics sampled","SystemMemoryUtilization":0.041061472811753985,"ProcessWorkingSetBytes":180199424,"ProcessCpuPercentage":0.07999975013411374,"GCTotalHeapSizeBytes":0,"GCTotalFragmentedBytes":0,"GCPauseTimePercentage":0,"ProcessThreads":40,"ArrivedEventsPerMinute":0,"IngestedEventsPerMinute":0,"IngestedBytesPerMinute":0,"InvalidPayloadsPerMinute":0,"UnauthorizedPayloadsPerMinute":0,"TotalWriteTimeLastMinute":0,"BroadcastQueueCount":0,"BroadcastSubscriptionQueuesAggregateCount":0}
{"@t":"2026-02-10T20:26:34.3590216Z","@mt":"Applying {Count} retention policies","Count":0,"SourceContext":"Seq.Server.Features.Retention.RetentionPolicyApplier"}
{"@t":"2026-02-10T20:26:34.3601534Z","@mt":"Retention processing and compaction took {Elapsed} ms; allocating {Allocation} ms for indexing","Elapsed":1.2077,"Allocation":599998.7923}
{"@t":"2026-02-10T20:26:34.3611756Z","@mt":"Beginning indexing","SourceContext":"Seq.Server.Features.Indexing.EventStoreIndexer"}
{"@t":"2026-02-10T20:26:34.3718250Z","@mt":"Wrote {IndexSetCount} index sets in {Elapsed:0.000} ms","@r":["9.000"],"IndexSetCount":0,"Elapsed":9,"SourceContext":"Seq.Server.Features.Indexing.EventStoreIndexer"}
{"@t":"2026-02-10T20:26:34.3729930Z","@mt":"Indexing took {Elapsed} ms; total iteration time was {Iteration} ms","Elapsed":11,"Iteration":12.9935}
{"@t":"2026-02-10T20:26:34.3803616Z","@mt":"Metrics sampled","SystemMemoryUtilization":0.041136218559993165,"ProcessWorkingSetBytes":190029824,"ProcessCpuPercentage":0.15999927642993889,"GCTotalHeapSizeBytes":0,"GCTotalFragmentedBytes":0,"GCPauseTimePercentage":0,"ProcessThreads":40,"ArrivedEventsPerMinute":0,"IngestedEventsPerMinute":0,"IngestedBytesPerMinute":0,"InvalidPayloadsPerMinute":0,"UnauthorizedPayloadsPerMinute":0,"TotalWriteTimeLastMinute":0,"BroadcastQueueCount":0,"BroadcastSubscriptionQueuesAggregateCount":0}
{"@t":"2026-02-10T20:31:48.9125511Z","@mt":"Metrics sampled","SystemMemoryUtilization":0.0410316234458451,"ProcessWorkingSetBytes":190029824,"ProcessCpuPercentage":0.08333366289019219,"GCTotalHeapSizeBytes":0,"GCTotalFragmentedBytes":0,"GCPauseTimePercentage":0,"ProcessThreads":39,"ArrivedEventsPerMinute":0,"IngestedEventsPerMinute":0,"IngestedBytesPerMinute":0,"InvalidPayloadsPerMinute":0,"UnauthorizedPayloadsPerMinute":0,"TotalWriteTimeLastMinute":0,"BroadcastQueueCount":0,"BroadcastSubscriptionQueuesAggregateCount":0}
{"@t":"2026-02-10T20:37:03.6011221Z","@mt":"Applying {Count} retention policies","Count":0,"SourceContext":"Seq.Server.Features.Retention.RetentionPolicyApplier"}
{"@t":"2026-02-10T20:37:03.6028098Z","@mt":"Retention processing and compaction took {Elapsed} ms; allocating {Allocation} ms for indexing","Elapsed":1.7638,"Allocation":599998.2362}
{"@t":"2026-02-10T20:37:03.6036946Z","@mt":"Beginning indexing","SourceContext":"Seq.Server.Features.Indexing.EventStoreIndexer"}
{"@t":"2026-02-10T20:37:03.6130020Z","@mt":"Wrote {IndexSetCount} index sets in {Elapsed:0.000} ms","@r":["8.000"],"IndexSetCount":0,"Elapsed":8,"SourceContext":"Seq.Server.Features.Indexing.EventStoreIndexer"}
{"@t":"2026-02-10T20:37:03.6137358Z","@mt":"Indexing took {Elapsed} ms; total iteration time was {Iteration} ms","Elapsed":10,"Iteration":11.8035}
{"@t":"2026-02-10T20:37:03.6233387Z","@mt":"Metrics sampled","SystemMemoryUtilization":0.04109731651753812,"ProcessWorkingSetBytes":191176704,"ProcessCpuPercentage":0.0866659453501705,"GCTotalHeapSizeBytes":0,"GCTotalFragmentedBytes":0,"GCPauseTimePercentage":0,"ProcessThreads":40,"ArrivedEventsPerMinute":0,"IngestedEventsPerMinute":0,"IngestedBytesPerMinute":0,"InvalidPayloadsPerMinute":0,"UnauthorizedPayloadsPerMinute":0,"TotalWriteTimeLastMinute":0,"BroadcastQueueCount":0,"BroadcastSubscriptionQueuesAggregateCount":0}
{"@t":"2026-02-10T20:42:18.4223323Z","@mt":"Metrics sampled","SystemMemoryUtilization":0.04113291555638854,"ProcessWorkingSetBytes":191995904,"ProcessCpuPercentage":0.06333342917676126,"GCTotalHeapSizeBytes":0,"GCTotalFragmentedBytes":0,"GCPauseTimePercentage":0,"ProcessThreads":40,"ArrivedEventsPerMinute":0,"IngestedEventsPerMinute":0,"IngestedBytesPerMinute":0,"InvalidPayloadsPerMinute":0,"UnauthorizedPayloadsPerMinute":0,"TotalWriteTimeLastMinute":0,"BroadcastQueueCount":0,"BroadcastSubscriptionQueuesAggregateCount":0}
{"@t":"2026-02-10T20:47:33.4729067Z","@mt":"Applying {Count} retention policies","Count":0,"SourceContext":"Seq.Server.Features.Retention.RetentionPolicyApplier"}
{"@t":"2026-02-10T20:47:33.4737374Z","@mt":"Retention processing and compaction took {Elapsed} ms; allocating {Allocation} ms for indexing","Elapsed":1.2509,"Allocation":599998.7491}
{"@t":"2026-02-10T20:47:33.4743771Z","@mt":"Beginning indexing","SourceContext":"Seq.Server.Features.Indexing.EventStoreIndexer"}
{"@t":"2026-02-10T20:47:33.4816928Z","@mt":"Wrote {IndexSetCount} index sets in {Elapsed:0.000} ms","@r":["6.000"],"IndexSetCount":0,"Elapsed":6,"SourceContext":"Seq.Server.Features.Indexing.EventStoreIndexer"}
{"@t":"2026-02-10T20:47:33.4825553Z","@mt":"Indexing took {Elapsed} ms; total iteration time was {Iteration} ms","Elapsed":8,"Iteration":9.4255}
{"@t":"2026-02-10T20:47:33.5009152Z","@mt":"Metrics sampled","SystemMemoryUtilization":0.04115420157961869,"ProcessWorkingSetBytes":192815104,"ProcessCpuPercentage":0.06999920284907796,"GCTotalHeapSizeBytes":0,"GCTotalFragmentedBytes":0,"GCPauseTimePercentage":0,"ProcessThreads":40,"ArrivedEventsPerMinute":0,"IngestedEventsPerMinute":0,"IngestedBytesPerMinute":0,"InvalidPayloadsPerMinute":0,"UnauthorizedPayloadsPerMinute":0,"TotalWriteTimeLastMinute":0,"BroadcastQueueCount":0,"BroadcastSubscriptionQueuesAggregateCount":0}
{"@t":"2026-02-10T20:52:48.5476420Z","@mt":"Metrics sampled","SystemMemoryUtilization":0.04308486835328629,"ProcessWorkingSetBytes":192815104,"ProcessCpuPercentage":0.06999971815780145,"GCTotalHeapSizeBytes":0,"GCTotalFragmentedBytes":0,"GCPauseTimePercentage":0,"ProcessThreads":39,"ArrivedEventsPerMinute":0,"IngestedEventsPerMinute":0,"IngestedBytesPerMinute":0,"InvalidPayloadsPerMinute":0,"UnauthorizedPayloadsPerMinute":0,"TotalWriteTimeLastMinute":0,"BroadcastQueueCount":0,"BroadcastSubscriptionQueuesAggregateCount":0}
{"@t":"2026-02-10T20:58:03.6148661Z","@mt":"Applying {Count} retention policies","Count":0,"SourceContext":"Seq.Server.Features.Retention.RetentionPolicyApplier"}
{"@t":"2026-02-10T20:58:03.6156018Z","@mt":"Retention processing and compaction took {Elapsed} ms; allocating {Allocation} ms for indexing","Elapsed":0.7674,"Allocation":599999.2326}
{"@t":"2026-02-10T20:58:03.6161752Z","@mt":"Beginning indexing","SourceContext":"Seq.Server.Features.Indexing.EventStoreIndexer"}
{"@t":"2026-02-10T20:58:03.6226895Z","@mt":"Wrote {IndexSetCount} index sets in {Elapsed:0.000} ms","@r":["6.000"],"IndexSetCount":0,"Elapsed":6,"SourceContext":"Seq.Server.Features.Indexing.EventStoreIndexer"}
{"@t":"2026-02-10T20:58:03.6231106Z","@mt":"Indexing took {Elapsed} ms; total iteration time was {Iteration} ms","Elapsed":6,"Iteration":7.7009}
{"@t":"2026-02-10T20:58:03.6433524Z","@mt":"Metrics sampled","SystemMemoryUtilization":0.04119212495433899,"ProcessWorkingSetBytes":193470464,"ProcessCpuPercentage":0.08000011146682197,"GCTotalHeapSizeBytes":0,"GCTotalFragmentedBytes":0,"GCPauseTimePercentage":0,"ProcessThreads":40,"ArrivedEventsPerMinute":0,"IngestedEventsPerMinute":0,"IngestedBytesPerMinute":0,"InvalidPayloadsPerMinute":0,"UnauthorizedPayloadsPerMinute":0,"TotalWriteTimeLastMinute":0,"BroadcastQueueCount":0,"BroadcastSubscriptionQueuesAggregateCount":0}
{"@t":"2026-02-10T21:03:18.6970706Z","@mt":"Metrics sampled","SystemMemoryUtilization":0.04416592919975071,"ProcessWorkingSetBytes":193470464,"ProcessCpuPercentage":0.06333338106559153,"GCTotalHeapSizeBytes":0,"GCTotalFragmentedBytes":0,"GCPauseTimePercentage":0,"ProcessThreads":40,"ArrivedEventsPerMinute":0,"IngestedEventsPerMinute":0,"IngestedBytesPerMinute":0,"InvalidPayloadsPerMinute":0,"UnauthorizedPayloadsPerMinute":0,"TotalWriteTimeLastMinute":0,"BroadcastQueueCount":0,"BroadcastSubscriptionQueuesAggregateCount":0}
{"@t":"2026-02-10T21:08:34.6967476Z","@mt":"Native storage metrics sampled","ABI_INTERNAL_ERROR":0,"ABI_IO_ERROR":0,"ABI_PANIC":0,"CHANNEL_RECEIVE":0,"CHANNEL_SEND":0,"CHANNEL_SEND_BACKPRESSURE":0,"DELETE_ABANDON":0,"DELETE_BEGIN":0,"DELETE_COMPLETE":0,"DELETE_CORRUPTED_EVENT":0,"DELETE_CORRUPTED_REGION":0,"DELETE_EXCLUDE_EVENT":0,"DELETE_SKIP_SPAN":0,"DOC_COLL_CHECKPOINT":0,"DOC_COLL_CREATE":0,"DOC_COLL_KVS_REMOVE":0,"DOC_COLL_READ_BEGIN":1,"DOC_COLL_READ_COMPLETE":1,"DOC_COLL_REMOVE":0,"DOC_COLL_WRITE_ABORT":0,"DOC_COLL_WRITE_BEGIN":0,"DOC_COLL_WRITE_COMMIT":0,"DOC_COLL_WRITE_RECORD_DELETE":0,"DOC_COLL_WRITE_RECORD_SET":0,"INDEX_SET_CREATE":0,"INDEX_SET_LOAD":19,"INDEX_SET_MISSING_INDEX_LOOKUP":0,"INDEX_SET_REMOVE":0,"INDEXER_ABORT":0,"INDEXER_BEGIN_NEW":0,"INDEXER_BEGIN_OUTDATED":0,"INDEXER_COALESCED_GEN0":0,"INDEXER_COALESCED_GEN1":0,"INDEXER_COMMIT":0,"INDEXER_CORRUPTED_REGION":0,"INDEXER_INVALID_DEFINITIONS_LAST_UPDATE":0,"INGEST_BUF_CACHE_EVENT_FROM_DISK":0,"INGEST_BUF_CACHE_EVENT_INCOMING":0,"INGEST_BUF_CREATE":0,"INGEST_BUF_READ":1,"INGEST_BUF_READ_TRUNCATED":0,"INGEST_BUF_REMOVE":0,"INGEST_BUF_WRITE_EVENT":0,"KERNEL_MVCC_NEXT_DATA_GENERATION":0,"KERNEL_MVCC_NEXT_WRITE_GENERATION":0,"KERNEL_MVCC_WORK_LAST_ADVANCE":0,"KERNEL_MVCC_WORK_LAST_DEFER":0,"KEYVALUES_READ_TRUNCATED":0,"LEAD_TRANSACTION_DIRTY_COMPLETE":0,"MAINTENANCE_TRANSACTION_BEGIN":11,"MAINTENANCE_TRANSACTION_COMPLETE":11,"MAINTENANCE_TRANSACTION_DIRTY_COMPLETE":0,"MEMORY_CONTROLLER_ENTER_SAFE_MODE":0,"MEMORY_CONTROLLER_EXTEND_SAFE_MODE":0,"MEMORY_CONTROLLER_LEAVE_SAFE_MODE":0,"MEMORY_CONTROLLER_RELEASE_TRACKED_MEMORY":0,"MEMORY_MONITOR_LAST_DANGER_TRACKED_BYTES":0,"MEMORY_MONITOR_STATUS_CRITICAL":0,"MEMORY_MONITOR_STATUS_DANGER":0,"MEMORY_MONITOR_STATUS_NORMAL":0,"MEMORY_MONITOR_TERMINATE_PANIC":0,"MEMORY_PLATFORM_LAST_UTILIZATION":0,"MEMORY_PLATFORM_LIMIT_BYTES":0,"MEMORY_PLATFORM_SAMPLE_FAILED":4,"MEMORY_PLATFORM_TOTAL_BYTES":0,"NAMESPACE_CLOSE":0,"NAMESPACE_CREATE":4,"NAMESPACE_OBJECT_FIND_BY_NAME":80,"NAMESPACE_OBJECT_GET_BY_ID":84,"NAMESPACE_OBJECT_GET_CAPABILITY":27,"NAMESPACE_OBJECT_QUERY_CAPABILITY":12,"NAMESPACE_OBJECT_REGISTER":48,"NAMESPACE_OBJECT_UNREGISTER":0,"NET_INCOMING_COMPLETED":0,"NET_INCOMING_ESTABLISHED":0,"NET_INCOMING_FAILED":0,"NET_INCOMING_INVALID_KEY":0,"NET_INCOMING_NOT_ESTABLISHED":0,"NET_INCOMING_SOCKET_ACCEPTED":0,"NODE_MESSAGE_BYTES_RECEIVED":0,"NODE_MESSAGE_BYTES_SENT":0,"NODE_MESSAGE_RECEIVED":0,"NODE_MESSAGE_SENT":0,"QUERY_EXECUTE_BEGIN":14,"QUERY_EXECUTE_END_CANCEL":0,"QUERY_EXECUTE_END_DONE":14,"QUERY_EXECUTE_END_PARTIAL":0,"QUERY_EXECUTE_RESUME_ERROR":0,"QUERY_SCHEDULE_DELETE_RECORDS":0,"QUERY_SCHEDULE_EXECUTE_PROCEDURE":11,"QUERY_SCHEDULE_READ_PARTITION_COMPUTE":0,"QUERY_SCHEDULE_READ_PARTITION_FROM_CACHE":0,"QUERY_SCHEDULE_READ_PARTITION_POPULATE_CACHE":0,"QUERY_SCHEDULE_READ_RECORDS":4,"QUERY_SCHEDULE_READ_RECORDS_FALLBACK":0,"QUERY_SCHEDULE_READ_RECORDS_PARALLEL":0,"QUERY_SCHEDULE_READ_RECORDS_SERIAL":4,"QUERY_SCHEDULE_SCALAR":0,"READ_TRANSACTION_BEGIN":16,"READ_TRANSACTION_BEGIN_FORK":0,"READ_TRANSACTION_COMPLETE":16,"READ_TRANSACTION_DIRTY_COMPLETE":0,"REGION_INCLUDED_INGEST_BUF":1,"REGION_INCLUDED_STABLE_SPAN":19,"REGION_READ":20,"REPLICATION_FULL_SYNC":0,"STABLE_SPAN_CREATE":0,"STABLE_SPAN_LAST_SEEK_PROBES":0,"STABLE_SPAN_READ":0,"STABLE_SPAN_READ_NO_INDEX_SET":0,"STABLE_SPAN_READ_SKIP":0,"STABLE_SPAN_REMOVE":0,"STABLE_SPAN_SEEK":0,"STABLE_SPAN_SPARSE_READ":0,"STORE_CLOSE":0,"STORE_CREATE":0,"STORE_OPEN":2,"SYNC_LOCK_ACQUISITION":0,"SYNC_LOCK_TOTAL_WAIT_TIME_NS":0,"SYNC_LOCK_WORST_CASE_WAIT_TIME_NS":0,"TIME_SLICE_CACHE_ADD_BUCKET":0,"TIME_SLICE_CACHE_ADD_QUERY":0,"TIME_SLICE_CACHE_EVICT_BUCKET":0,"TIME_SLICE_CACHE_EVICT_QUERY":0,"TIME_SLICE_CACHE_FILL_BUCKET":0,"TIME_SLICE_CACHE_GC":0,"TIME_SLICE_CACHE_INVALIDATE_BUCKET":0,"TRUNCATE_COMPLETE":0,"WORKER_ENQUEUE_PARTITION":0,"WORKER_EXECUTE_PARTITION":0,"WORKER_SAMPLE_ABANDONED":0,"WORKER_SAMPLE_CANCELED":0,"WORKER_THREAD_AFFINITIZE":0,"WORKER_THREAD_CANCEL":0,"WORKER_THREAD_DEPRIORITIZE":0,"WORKER_THREAD_DONE":0,"WORKER_THREAD_ERROR":0,"WORKER_THREAD_PANIC":0,"WORKER_THREAD_SPAWN":0,"WRITE_LOCK_ACQUISITION":0,"WRITE_LOCK_TOTAL_WAIT_TIME_NS":0,"WRITE_LOCK_WORST_CASE_WAIT_TIME_NS":0,"WRITE_TRANSACTION_BEGIN":1,"WRITE_TRANSACTION_COMPLETE":1,"WRITE_TRANSACTION_DIRTY_COMPLETE":0,"WRITER_ABORT":0,"WRITER_BEGIN":0,"WRITER_COMMIT":0,"WRITER_COMMIT_MULTIPLE_BUFS":0}
{"@t":"2026-02-10T21:08:34.7383855Z","@mt":"Applying {Count} retention policies","Count":0,"SourceContext":"Seq.Server.Features.Retention.RetentionPolicyApplier"}
{"@t":"2026-02-10T21:08:34.7393831Z","@mt":"Retention processing and compaction took {Elapsed} ms; allocating {Allocation} ms for indexing","Elapsed":1.0531,"Allocation":599998.9469}
{"@t":"2026-02-10T21:08:34.7402321Z","@mt":"Beginning indexing","SourceContext":"Seq.Server.Features.Indexing.EventStoreIndexer"}
{"@t":"2026-02-10T21:08:34.7473612Z","@mt":"Wrote {IndexSetCount} index sets in {Elapsed:0.000} ms","@r":["6.000"],"IndexSetCount":0,"Elapsed":6,"SourceContext":"Seq.Server.Features.Indexing.EventStoreIndexer"}
{"@t":"2026-02-10T21:08:34.7479860Z","@mt":"Indexing took {Elapsed} ms; total iteration time was {Iteration} ms","Elapsed":7,"Iteration":8.8065}
{"@t":"2026-02-10T21:08:34.7591044Z","@mt":"Metrics sampled","SystemMemoryUtilization":0.04369726968828702,"ProcessWorkingSetBytes":193961984,"ProcessCpuPercentage":0.09000094431990811,"GCTotalHeapSizeBytes":0,"GCTotalFragmentedBytes":0,"GCPauseTimePercentage":0,"ProcessThreads":40,"ArrivedEventsPerMinute":0,"IngestedEventsPerMinute":0,"IngestedBytesPerMinute":0,"InvalidPayloadsPerMinute":0,"UnauthorizedPayloadsPerMinute":0,"TotalWriteTimeLastMinute":0,"BroadcastQueueCount":0,"BroadcastSubscriptionQueuesAggregateCount":0}
{"@t":"2026-02-10T21:12:10.6245465Z","@mt":"Termination signal received"}
{"@t":"2026-02-10T21:12:10.6370802Z","@mt":"Signalling for {Workers} worker task(s) to complete","Workers":1,"SourceContext":"Seq.Engine.Workers.WorkerPool"}
{"@t":"2026-02-10T21:12:11.3261555Z","@mt":"Work {WorkDescription} ({WorkId}) observed cancellation and completed","WorkDescription":"Monitor alerts and trigger notifications","WorkId":"83c87cf7-8b83-4946-8c0a-f8ca4e89c900","SourceContext":"Seq.Engine.Workers.WorkerPool"}
{"@t":"2026-02-10T21:12:11.3413264Z","@mt":"Stopping {Tasks} scheduled tasks","Tasks":13,"SourceContext":"Seq.Server.Tasks.TaskRunner"}
{"@t":"2026-02-10T21:12:11.3453294Z","@mt":"Stopping input channel","SourceContext":"Seq.Server.Features.Apps.Inputs.InputChannel"}
{"@t":"2026-02-10T21:55:36.8891718Z","@mt":"Seq {SeqVersion} running on OS {OSCaption}","SeqVersion":"2023.1.9229","OSCaption":"Linux 6.6.87.2-microsoft-standard-WSL2 #1 SMP PREEMPT_DYNAMIC Thu Jun  5 18:30:46 UTC 2025","SourceContext":"Seq.Server.Features.Diagnostics.EnvironmentInformationWriter"}
{"@t":"2026-02-10T21:55:36.9218758Z","@mt":"Seq detected {TotalRAM} MB of RAM","TotalRAM":33540.968448,"SourceContext":"Seq.Server.Features.Diagnostics.EnvironmentInformationWriter"}
{"@t":"2026-02-10T21:55:37.2354968Z","@mt":"Opening event store at {StreamPath}","StreamPath":"/data/Stream/stream.flare","SourceContext":"Seq.Engine.Cluster.StorageNodeCoordinator"}
{"@t":"2026-02-10T21:55:37.3362438Z","@mt":"Ingestion enabled","SourceContext":"Seq.Engine.Cluster.StorageNodeCoordinator"}
{"@t":"2026-02-10T21:55:37.3464300Z","@mt":"Opening metastore {MetastorePath}","MetastorePath":"/data/Documents/metastore.flare","SourceContext":"Quince.Storage.Native.NativeDocumentStore"}
{"@t":"2026-02-10T21:55:37.4225068Z","@mt":"Storage subsystem available"}
{"@t":"2026-02-10T21:55:37.4776551Z","@mt":"Seq listening on {ListenUris}","ListenUris":["http://localhost/","https://localhost/","http://localhost:5341/","https://localhost:45341/"]}
{"@t":"2026-02-10T21:56:37.5159689Z","@mt":"{CollectionCount} more generation 2 garbage collection(s) occurred","CollectionCount":0,"SourceContext":"Seq.Server.Features.Diagnostics.GCLogger"}
{"@t":"2026-02-10T22:10:40.4180437Z","@mt":"Seq {SeqVersion} running on OS {OSCaption}","SeqVersion":"2023.1.9229","OSCaption":"Linux 6.6.87.2-microsoft-standard-WSL2 #1 SMP PREEMPT_DYNAMIC Thu Jun  5 18:30:46 UTC 2025","SourceContext":"Seq.Server.Features.Diagnostics.EnvironmentInformationWriter"}
{"@t":"2026-02-10T22:10:40.4666432Z","@mt":"Seq detected {TotalRAM} MB of RAM","TotalRAM":33540.960256,"SourceContext":"Seq.Server.Features.Diagnostics.EnvironmentInformationWriter"}
{"@t":"2026-02-10T22:10:40.7710645Z","@mt":"Opening event store at {StreamPath}","StreamPath":"/data/Stream/stream.flare","SourceContext":"Seq.Engine.Cluster.StorageNodeCoordinator"}
{"@t":"2026-02-10T22:10:40.8933261Z","@mt":"Ingestion enabled","SourceContext":"Seq.Engine.Cluster.StorageNodeCoordinator"}
{"@t":"2026-02-10T22:10:40.9027800Z","@mt":"Opening metastore {MetastorePath}","MetastorePath":"/data/Documents/metastore.flare","SourceContext":"Quince.Storage.Native.NativeDocumentStore"}
{"@t":"2026-02-10T22:10:40.9906209Z","@mt":"Storage subsystem available"}
{"@t":"2026-02-10T22:10:41.0732779Z","@mt":"Seq listening on {ListenUris}","ListenUris":["http://localhost/","https://localhost/","http://localhost:5341/","https://localhost:45341/"]}
{"@t":"2026-02-10T22:11:24.1051330Z","@mt":"Termination signal received"}
{"@t":"2026-02-10T22:11:24.1150955Z","@mt":"Signalling for {Workers} worker task(s) to complete","Workers":1,"SourceContext":"Seq.Engine.Workers.WorkerPool"}
{"@t":"2026-02-10T22:11:24.1473887Z","@mt":"Work {WorkDescription} ({WorkId}) observed cancellation and completed","WorkDescription":"Monitor alerts and trigger notifications","WorkId":"f36cc3b1-2931-4fc1-b1b9-b8b45c43bd2e","SourceContext":"Seq.Engine.Workers.WorkerPool"}
{"@t":"2026-02-10T22:11:24.2163130Z","@mt":"Stopping {Tasks} scheduled tasks","Tasks":13,"SourceContext":"Seq.Server.Tasks.TaskRunner"}
{"@t":"2026-02-10T22:11:24.2181876Z","@mt":"Stopping input channel","SourceContext":"Seq.Server.Features.Apps.Inputs.InputChannel"}
{"@t":"2026-02-10T22:11:25.0934778Z","@mt":"Shutting down input channel; {AcceptedCount} queued events will be written","AcceptedCount":0,"SourceContext":"Seq.Server.Features.Apps.Inputs.InputChannel"}
{"@t":"2026-02-10T22:11:25.0947149Z","@mt":"Stopping broadcast channel","SourceContext":"Seq.Engine.Broadcast.BroadcastChannel"}
{"@t":"2026-02-10T22:11:26.0907429Z","@mt":"Shutting down broadcast channel with {AllowableFlush} flushable event batches (+{Tolerance} tolerance)","AllowableFlush":0,"Tolerance":15,"SourceContext":"Seq.Engine.Broadcast.BroadcastChannel"}
{"@t":"2026-02-10T22:11:26.0933999Z","@mt":"Closing event store","SourceContext":"Seq.Engine.Cluster.StorageNodeCoordinator"}
{"@t":"2026-02-10T22:11:26.1019601Z","@mt":"Closing metastore","SourceContext":"Quince.Storage.Native.NativeDocumentStore"}
{"@t":"2026-02-10T22:11:26.1043960Z","@mt":"Server stopped cleanly"}
